\BOOKMARK [1][-]{section.1}{Amplificatori}{}% 1
\BOOKMARK [1][-]{section.2}{Filtri}{}% 2
\BOOKMARK [1][-]{section.3}{Circuiti a retroazione positiva}{}% 3
\BOOKMARK [1][-]{section.4}{Semiconduttori}{}% 4
\BOOKMARK [1][-]{section.5}{Giunzione PN}{}% 5
\BOOKMARK [1][-]{section.6}{Diodo}{}% 6
\BOOKMARK [1][-]{section.7}{Transistor a effetto di campo}{}% 7
\BOOKMARK [1][-]{section.8}{Transistor a giunzione bipolare}{}% 8
\BOOKMARK [1][-]{section.9}{Modelli a piccolo segnale}{}% 9
\BOOKMARK [1][-]{section.10}{Esercizi}{}% 10
\BOOKMARK [2][-]{subsection.10.1}{Esercizio}{section.10}% 11
\BOOKMARK [2][-]{subsection.10.2}{Esercizio}{section.10}% 12
\BOOKMARK [2][-]{subsection.10.3}{Esercizio}{section.10}% 13
\BOOKMARK [2][-]{subsection.10.4}{Esercizio}{section.10}% 14
\BOOKMARK [2][-]{subsection.10.5}{Esercizio}{section.10}% 15
\BOOKMARK [2][-]{subsection.10.6}{Esercizio}{section.10}% 16
\BOOKMARK [2][-]{subsection.10.7}{Esercizio}{section.10}% 17
\BOOKMARK [2][-]{subsection.10.8}{Esercizio}{section.10}% 18
\BOOKMARK [2][-]{subsection.10.9}{Esercizio}{section.10}% 19
\BOOKMARK [2][-]{subsection.10.10}{Esercizio}{section.10}% 20
\BOOKMARK [2][-]{subsection.10.11}{Esercizio}{section.10}% 21
\BOOKMARK [2][-]{subsection.10.12}{Esercizio}{section.10}% 22
\BOOKMARK [2][-]{subsection.10.13}{Esercizio}{section.10}% 23
\BOOKMARK [2][-]{subsection.10.14}{Esercizio}{section.10}% 24
\BOOKMARK [2][-]{subsection.10.15}{Esercizio}{section.10}% 25
\BOOKMARK [2][-]{subsection.10.16}{Esercizio}{section.10}% 26
\BOOKMARK [2][-]{subsection.10.17}{Esercizio}{section.10}% 27
\BOOKMARK [2][-]{subsection.10.18}{Esercizio}{section.10}% 28
\BOOKMARK [2][-]{subsection.10.19}{Esercizio}{section.10}% 29
\BOOKMARK [2][-]{subsection.10.20}{Esercizio}{section.10}% 30
