\BOOKMARK [1][-]{section.1}{Grado di parallelismo}{}% 1
\BOOKMARK [2][-]{subsection.1.1}{Esempi di algoritmi paralleli}{section.1}% 2
\BOOKMARK [3][-]{subsubsection.1.1.1}{Somma di due vettori}{subsection.1.1}% 3
\BOOKMARK [3][-]{subsubsection.1.1.2}{Somma componenti di un vettore}{subsection.1.1}% 4
\BOOKMARK [3][-]{subsubsection.1.1.3}{Moltiplicazione di matrici}{subsection.1.1}% 5
\BOOKMARK [2][-]{subsection.1.2}{Computation DAG}{section.1}% 6
\BOOKMARK [1][-]{section.2}{Algoritmi paralleli}{}% 7
\BOOKMARK [2][-]{subsection.2.1}{Problema dell'ordinamento}{section.2}% 8
\BOOKMARK [2][-]{subsection.2.2}{QUICK-SORT}{section.2}% 9
\BOOKMARK [2][-]{subsection.2.3}{BITONIC SORTING}{section.2}% 10
\BOOKMARK [2][-]{subsection.2.4}{Problema del routing}{section.2}% 11
\BOOKMARK [2][-]{subsection.2.5}{Problema del calcolo dei prefissi}{section.2}% 12
\BOOKMARK [2][-]{subsection.2.6}{Macchine a stati finiti}{section.2}% 13
\BOOKMARK [3][-]{subsubsection.2.6.1}{Evoluzione di una FSM}{subsection.2.6}% 14
\BOOKMARK [3][-]{subsubsection.2.6.2}{FSM per l'addizione binaria}{subsection.2.6}% 15
\BOOKMARK [3][-]{subsubsection.2.6.3}{Sistesi di funzioni booleane}{subsection.2.6}% 16
\BOOKMARK [2][-]{subsection.2.7}{Discrete Fourier Transform}{section.2}% 17
\BOOKMARK [3][-]{subsubsection.2.7.1}{Algoritmo FFT}{subsection.2.7}% 18
\BOOKMARK [1][-]{section.3}{Modelli di rappresentazione per reti}{}% 19
\BOOKMARK [2][-]{subsection.3.1}{Multiprocessore distribuito}{section.3}% 20
