\BOOKMARK [1][-]{section.1}{Per Esame}{}% 1
\BOOKMARK [1][-]{section.2}{Locomozione}{}% 2
\BOOKMARK [2][-]{subsection.2.1}{Gradi di Libert\340}{section.2}% 3
\BOOKMARK [1][-]{section.3}{Dinamica}{}% 4
\BOOKMARK [2][-]{subsubsection.3.0.1}{Procedimento Analitico}{section.3}% 5
\BOOKMARK [3][-]{subsubsection.3.0.2}{Procedimento Approssimato}{subsubsection.3.0.1}% 6
\BOOKMARK [2][-]{subsection.3.1}{Marcia Bipede}{section.3}% 7
\BOOKMARK [1][-]{section.4}{Cinematica}{}% 8
\BOOKMARK [2][-]{subsection.4.1}{Cinematica del Robot Mobile}{section.4}% 9
\BOOKMARK [2][-]{subsection.4.2}{Cos'\350 la Cinematica}{section.4}% 10
\BOOKMARK [2][-]{subsection.4.3}{Il Robot nel Mondo}{section.4}% 11
\BOOKMARK [3][-]{subsubsection.4.3.1}{Sistema di Riferimento Assoluto}{subsection.4.3}% 12
\BOOKMARK [3][-]{subsubsection.4.3.2}{Sistema di Riferimento Relativo}{subsection.4.3}% 13
\BOOKMARK [3][-]{subsubsection.4.3.3}{Traslazione}{subsection.4.3}% 14
\BOOKMARK [3][-]{subsubsection.4.3.4}{Rotazione}{subsection.4.3}% 15
\BOOKMARK [3][-]{subsubsection.4.3.5}{Angoli di Eulero}{subsection.4.3}% 16
\BOOKMARK [3][-]{subsubsection.4.3.6}{Roll-Pitch-Yaw}{subsection.4.3}% 17
\BOOKMARK [3][-]{subsubsection.4.3.7}{I Quaternioni}{subsection.4.3}% 18
\BOOKMARK [3][-]{subsubsection.4.3.8}{Trasformazioni Omogenee}{subsection.4.3}% 19
\BOOKMARK [2][-]{subsection.4.4}{La Cinematica dei Giunti del Robot}{section.4}% 20
\BOOKMARK [2][-]{subsection.4.5}{Problemi Relativi alla Cinematica}{section.4}% 21
\BOOKMARK [3][-]{subsubsection.4.5.1}{Cinematica Diretta}{subsection.4.5}% 22
\BOOKMARK [3][-]{subsubsection.4.5.2}{Cinematica Inversa}{subsection.4.5}% 23
\BOOKMARK [3][-]{subsubsection.4.5.3}{Cinematica Differenziale}{subsection.4.5}% 24
\BOOKMARK [2][-]{subsection.4.6}{Convenzioni di Denavit e Hartenberg}{section.4}% 25
\BOOKMARK [2][-]{subsection.4.7}{Cinematica del Robot Mobile}{section.4}% 26
\BOOKMARK [2][-]{subsection.4.8}{Controllo Cinematico}{section.4}% 27
\BOOKMARK [3][-]{subsubsection.4.8.1}{Controllo Open Loop}{subsection.4.8}% 28
\BOOKMARK [1][-]{section.5}{Percezione}{}% 29
\BOOKMARK [2][-]{subsection.5.1}{Caratterizzazione dei Sensori}{section.5}% 30
\BOOKMARK [3][-]{subsubsection.5.1.1}{Performance dei Sensori}{subsection.5.1}% 31
\BOOKMARK [3][-]{subsubsection.5.1.2}{Caratteristiche per Ambienti Reali}{subsection.5.1}% 32
\BOOKMARK [1][-]{section.6}{Localizzazione}{}% 33
\BOOKMARK [2][-]{subsection.6.1}{Localizzazione Basata su Mappe}{section.6}% 34
\BOOKMARK [2][-]{subsection.6.2}{SLAM}{section.6}% 35
