\BOOKMARK [1][-]{section.1}{Per Esame}{}% 1
\BOOKMARK [1][-]{section.2}{Elementi di Economia}{}% 2
\BOOKMARK [2][-]{subsection.2.1}{Breve Storia Economica}{section.2}% 3
\BOOKMARK [3][-]{subsubsection.2.1.1}{Epoche Pre-Industriali}{subsection.2.1}% 4
\BOOKMARK [3][-]{subsubsection.2.1.2}{Rivoluzioni industriali}{subsection.2.1}% 5
\BOOKMARK [2][-]{subsection.2.2}{I Sistemi Produttivi}{section.2}% 6
\BOOKMARK [2][-]{subsection.2.3}{Matrici di Prodotto-Processo}{section.2}% 7
\BOOKMARK [2][-]{subsection.2.4}{Libero Mercato}{section.2}% 8
\BOOKMARK [3][-]{subsubsection.2.4.1}{Concorrenza Monopolistica}{subsection.2.4}% 9
\BOOKMARK [3][-]{subsubsection.2.4.2}{Oligopolio}{subsection.2.4}% 10
\BOOKMARK [3][-]{subsubsection.2.4.3}{Monopolio}{subsection.2.4}% 11
\BOOKMARK [2][-]{subsection.2.5}{Fallimenti del Mercato}{section.2}% 12
\BOOKMARK [3][-]{subsubsection.2.5.1}{Potere di Mercato}{subsection.2.5}% 13
\BOOKMARK [3][-]{subsubsection.2.5.2}{Esternalit\340}{subsection.2.5}% 14
\BOOKMARK [3][-]{subsubsection.2.5.3}{Beni Pubblici}{subsection.2.5}% 15
\BOOKMARK [3][-]{subsubsection.2.5.4}{Asimmetrie Informative}{subsection.2.5}% 16
\BOOKMARK [2][-]{subsection.2.6}{Economia e Benessere}{section.2}% 17
\BOOKMARK [1][-]{section.3}{L'Industria Automobilistica}{}% 18
\BOOKMARK [2][-]{subsection.3.1}{Ford Motor Company}{section.3}% 19
\BOOKMARK [3][-]{subsubsection.3.1.1}{I Principi della Gestione Scientifica}{subsection.3.1}% 20
\BOOKMARK [3][-]{subsubsection.3.1.2}{La Gestione Scientifica presso Ford}{subsection.3.1}% 21
\BOOKMARK [3][-]{subsubsection.3.1.3}{Produzione di Massa}{subsection.3.1}% 22
\BOOKMARK [2][-]{subsection.3.2}{General Motors}{section.3}% 23
\BOOKMARK [3][-]{subsubsection.3.2.1}{Fasi nell'Evoluzione dell'Industria Automobilistica}{subsection.3.2}% 24
\BOOKMARK [2][-]{subsection.3.3}{Da Ford a Toyota: la Lean Production}{section.3}% 25
\BOOKMARK [3][-]{subsubsection.3.3.1}{Il Contesto}{subsection.3.3}% 26
\BOOKMARK [3][-]{subsubsection.3.3.2}{Toyota}{subsection.3.3}% 27
\BOOKMARK [3][-]{subsubsection.3.3.3}{Metodi Pull e Push per il Work Flow}{subsection.3.3}% 28
\BOOKMARK [3][-]{subsubsection.3.3.4}{Just-in-Time \(JIT\)}{subsection.3.3}% 29
\BOOKMARK [3][-]{subsubsection.3.3.5}{Metodi}{subsection.3.3}% 30
\BOOKMARK [3][-]{subsubsection.3.3.6}{Eliminazione degli Sprechi}{subsection.3.3}% 31
\BOOKMARK [3][-]{subsubsection.3.3.7}{Coinvolgimento e Reti dei Fornitori}{subsection.3.3}% 32
\BOOKMARK [1][-]{section.4}{Il Modello Economico Finanziario}{}% 33
\BOOKMARK [2][-]{subsection.4.1}{Fonti di Finanziamento}{section.4}% 34
\BOOKMARK [3][-]{subsubsection.4.1.1}{Fonti di Finanziamento Interne}{subsection.4.1}% 35
\BOOKMARK [3][-]{subsubsection.4.1.2}{Fonti di Finanziamento Esterne}{subsection.4.1}% 36
\BOOKMARK [2][-]{subsection.4.2}{Impieghi del Capitale}{section.4}% 37
\BOOKMARK [2][-]{subsection.4.3}{Il Bilancio}{section.4}% 38
\BOOKMARK [2][-]{subsection.4.4}{Lo Stato Patrimoniale}{section.4}% 39
\BOOKMARK [3][-]{subsubsection.4.4.1}{Il Patrimonio Attivo}{subsection.4.4}% 40
\BOOKMARK [3][-]{subsubsection.4.4.2}{Attivit\340 Circolanti}{subsection.4.4}% 41
\BOOKMARK [3][-]{subsubsection.4.4.3}{Attivit\340 non Circolanti}{subsection.4.4}% 42
\BOOKMARK [3][-]{subsubsection.4.4.4}{Le Passivit\340}{subsection.4.4}% 43
\BOOKMARK [3][-]{subsubsection.4.4.5}{Patrimonio Netto}{subsection.4.4}% 44
\BOOKMARK [2][-]{subsection.4.5}{Il Conto Economico}{section.4}% 45
\BOOKMARK [2][-]{subsection.4.6}{Il Rendiconto Finanziario}{section.4}% 46
\BOOKMARK [1][-]{section.5}{Bilancio Riclassificato}{}% 47
\BOOKMARK [2][-]{subsection.5.1}{Bilancio: formato legale}{section.5}% 48
\BOOKMARK [2][-]{subsection.5.2}{Riclassificazione del Conto Economico}{section.5}% 49
\BOOKMARK [3][-]{subsubsection.5.2.1}{Il conto economico riclassificato secondo ricavi e costo del venduto}{subsection.5.2}% 50
\BOOKMARK [3][-]{subsubsection.5.2.2}{Conto economico scalare}{subsection.5.2}% 51
\BOOKMARK [3][-]{subsubsection.5.2.3}{Il conto economico a valore aggiunto}{subsection.5.2}% 52
\BOOKMARK [2][-]{subsection.5.3}{Analisi del Bilancio}{section.5}% 53
\BOOKMARK [3][-]{subsubsection.5.3.1}{Analisi della Redditivit\340 Netta}{subsection.5.3}% 54
\BOOKMARK [3][-]{subsubsection.5.3.2}{Analisi della Redditivit\340 Operativa}{subsection.5.3}% 55
\BOOKMARK [3][-]{subsubsection.5.3.3}{Analisi della Struttura Finanziaria}{subsection.5.3}% 56
\BOOKMARK [3][-]{subsubsection.5.3.4}{Analisi della Liquidit\340}{subsection.5.3}% 57
\BOOKMARK [1][-]{section.6}{Il Caso Zara}{}% 58
\BOOKMARK [2][-]{subsection.6.1}{Marketing}{section.6}% 59
\BOOKMARK [2][-]{subsection.6.2}{Produzione}{section.6}% 60
\BOOKMARK [2][-]{subsection.6.3}{Vendite}{section.6}% 61
\BOOKMARK [2][-]{subsection.6.4}{Competitor}{section.6}% 62
\BOOKMARK [3][-]{subsubsection.6.4.1}{GAP}{subsection.6.4}% 63
\BOOKMARK [3][-]{subsubsection.6.4.2}{H\046M}{subsection.6.4}% 64
\BOOKMARK [3][-]{subsubsection.6.4.3}{Benetton}{subsection.6.4}% 65
\BOOKMARK [1][-]{section.7}{Costi e Prezzi}{}% 66
\BOOKMARK [2][-]{subsection.7.1}{Costi}{section.7}% 67
\BOOKMARK [3][-]{subsubsection.7.1.1}{Le Distinte Base}{subsection.7.1}% 68
\BOOKMARK [3][-]{subsubsection.7.1.2}{I Costi Fissi}{subsection.7.1}% 69
\BOOKMARK [3][-]{subsubsection.7.1.3}{I Costi Variabili}{subsection.7.1}% 70
\BOOKMARK [3][-]{subsubsection.7.1.4}{I Costi Marginali}{subsection.7.1}% 71
\BOOKMARK [3][-]{subsubsection.7.1.5}{I Costi Diretti}{subsection.7.1}% 72
\BOOKMARK [3][-]{subsubsection.7.1.6}{I Costi Indiretti}{subsection.7.1}% 73
\BOOKMARK [3][-]{subsubsection.7.1.7}{I Costi Standard}{subsection.7.1}% 74
\BOOKMARK [3][-]{subsubsection.7.1.8}{Cash Cost e Book Cost}{subsection.7.1}% 75
\BOOKMARK [2][-]{subsection.7.2}{Prezzi}{section.7}% 76
\BOOKMARK [3][-]{subsubsection.7.2.1}{Prezzi Basati sul Costo}{subsection.7.2}% 77
\BOOKMARK [3][-]{subsubsection.7.2.2}{Pricing e Curva della Domanda}{subsection.7.2}% 78
\BOOKMARK [3][-]{subsubsection.7.2.3}{I Clienti Target}{subsection.7.2}% 79
\BOOKMARK [3][-]{subsubsection.7.2.4}{L'Offerta dei Competitor}{subsection.7.2}% 80
\BOOKMARK [3][-]{subsubsection.7.2.5}{Gli Obiettivi dell'Azienda}{subsection.7.2}% 81
\BOOKMARK [2][-]{subsection.7.3}{Il Punto di Break-Even}{section.7}% 82
\BOOKMARK [2][-]{subsection.7.4}{Margine di Contribuzione}{section.7}% 83
\BOOKMARK [2][-]{subsection.7.5}{Come Ridurre i Costi}{section.7}% 84
\BOOKMARK [3][-]{subsubsection.7.5.1}{La Curva di Apprendimento}{subsection.7.5}% 85
\BOOKMARK [3][-]{subsubsection.7.5.2}{La Curva di Esperienza}{subsection.7.5}% 86
\BOOKMARK [3][-]{subsubsection.7.5.3}{Economie di Scala e di Scopo}{subsection.7.5}% 87
\BOOKMARK [1][-]{section.8}{Investimenti}{}% 88
\BOOKMARK [2][-]{subsection.8.1}{Interesse Semplice}{section.8}% 89
\BOOKMARK [2][-]{subsection.8.2}{Diagrammi di Cash-Flow}{section.8}% 90
\BOOKMARK [3][-]{subsubsection.8.2.1}{Formule Utili}{subsection.8.2}% 91
\BOOKMARK [2][-]{subsection.8.3}{Net Present Value}{section.8}% 92
\BOOKMARK [3][-]{subsubsection.8.3.1}{Previsione del flusso di cassa}{subsection.8.3}% 93
\BOOKMARK [3][-]{subsubsection.8.3.2}{Selezione del Tasso di Sconto}{subsection.8.3}% 94
\BOOKMARK [3][-]{subsubsection.8.3.3}{Analisi di Sensibilit\340}{subsection.8.3}% 95
\BOOKMARK [2][-]{subsection.8.4}{Il Periodo di Rimborso}{section.8}% 96
\BOOKMARK [2][-]{subsection.8.5}{Valore del Business}{section.8}% 97
\BOOKMARK [3][-]{subsubsection.8.5.1}{Valore di Libro}{subsection.8.5}% 98
\BOOKMARK [3][-]{subsubsection.8.5.2}{Valore di Liquidazione}{subsection.8.5}% 99
\BOOKMARK [3][-]{subsubsection.8.5.3}{Multipli di Prezzo}{subsection.8.5}% 100
\BOOKMARK [3][-]{subsubsection.8.5.4}{Valore di Mercato}{subsection.8.5}% 101
\BOOKMARK [3][-]{subsubsection.8.5.5}{Flusso finanziario attualizzato}{subsection.8.5}% 102
\BOOKMARK [2][-]{subsection.8.6}{Fonti e Costi del Capitale}{section.8}% 103
\BOOKMARK [3][-]{subsubsection.8.6.1}{Banche}{subsection.8.6}% 104
\BOOKMARK [3][-]{subsubsection.8.6.2}{Capitale Azionario}{subsection.8.6}% 105
\BOOKMARK [3][-]{subsubsection.8.6.3}{Diluizione}{subsection.8.6}% 106
\BOOKMARK [3][-]{subsubsection.8.6.4}{Propriet\340 Azionaria e Diluizione}{subsection.8.6}% 107
\BOOKMARK [1][-]{section.9}{Strategia}{}% 108
\BOOKMARK [2][-]{subsection.9.1}{Rischio}{section.9}% 109
\BOOKMARK [2][-]{subsection.9.2}{Analisi SWOT}{section.9}% 110
